
<html>
  <head>
    <title>Lab 07 - Graded Solution</title>
  </head>
  <body>
    <h1>Lab 07 - Graded Solution</h1>
    <p><b>You scored 90% = 2.7 points for this lab.</b></p>
    <ul>
      <li><b>test_insert</b>
      <ul>
      <li>Grade Percentage: 20</li>
      <li>Your solution succeeded taking 2.559 sec</Li>
      </ul>
      </li>
      <li><b>test_getitem</b>
      <ul>
      <li>Grade Percentage: 10</li>
      <li>Your solution succeeded taking 0.093 sec</Li>
      </ul>
      </li>
      <li><b>test_iteration</b>
      <ul>
      <li>Grade Percentage: 10</li>
      <li>Your solution failed this test case! taking 0.096 sec</Li>
<li><pre>AssertionError: Expected 40 but got 73</pre></li>
<li><pre>Traceback (most recent call last):
  File "/Users/lord_pretzel/.pyenv/versions/3.9.0/lib/python3.9/site-packages/grader-0.0.1-py3.9.egg/grader/execution_base.py", line 60, in call_test_function
    test_function(
  File "/Users/lord_pretzel/.pyenv/versions/3.9.0/lib/python3.9/site-packages/grader-0.0.1-py3.9.egg/grader/core.py", line 48, in wrapper
    result = test_function(module, *args, **kwargs)
  File "/var/folders/f7/xnz8v_b13td37s3k4w8t5j2h0000gn/T/tmpjqcxodvo/lab07-test.py", line 52, in test_iteration
    assertEquals(h[k], v)
  File "/Users/lord_pretzel/.pyenv/versions/3.9.0/lib/python3.9/site-packages/grader-0.0.1-py3.9.egg/grader/assertions.py", line 58, in assertEquals
    raise AssertionError(message)
AssertionError: Expected 40 but got 73
</pre></li>
      </ul>
      </li>
      <li><b>test_modification</b>
      <ul>
      <li>Grade Percentage: 20</li>
      <li>Your solution succeeded taking 0.094 sec</Li>
      </ul>
      </li>
      <li><b>test_extension</b>
      <ul>
      <li>Grade Percentage: 20</li>
      <li>Your solution succeeded taking 0.131 sec</Li>
      </ul>
      </li>
      <li><b>test_deletion</b>
      <ul>
      <li>Grade Percentage: 20</li>
      <li>Your solution succeeded taking 0.124 sec</Li>
      </ul>
      </li>
    </ul>
  </body>
</html>
