
<html>
  <head>
    <title>Lab 01 - Graded Solution</title>
  </head>
  <body>
    <h1>Lab 01 - Graded Solution</h1>
    <p><b>You scored 70% = 1.4 points for this lab.</b></p>
    <ul>
      <li><b>Testing whether numbers are correctly identified as perfect</b>
      <ul>
      <li>Grade Percentage: 20</li>
      <li>Your solution succeeded taking 0.191 sec</Li>
      </ul>
      </li>
      <li><b>Compute sums of multiples of 5</b>
      <ul>
      <li>Grade Percentage: 20</li>
      <li>Your solution succeeded taking 0.169 sec</Li>
      </ul>
      </li>
      <li><b>Number of right triangles</b>
      <ul>
      <li>Grade Percentage: 30</li>
      <li>Your solution failed this test case! taking 7.445 sec</Li>
<li><pre>AssertionError: method should run in less then 3 seconds</pre></li>
<li><pre>Traceback (most recent call last):
  File "/Users/lord_pretzel/.pyenv/versions/3.9.0/lib/python3.9/site-packages/grader-0.0.1-py3.9.egg/grader/execution_base.py", line 60, in call_test_function
    test_function(
  File "/Users/lord_pretzel/.pyenv/versions/3.9.0/lib/python3.9/site-packages/grader-0.0.1-py3.9.egg/grader/core.py", line 48, in wrapper
    result = test_function(module, *args, **kwargs)
  File "/var/folders/f7/xnz8v_b13td37s3k4w8t5j2h0000gn/T/tmpp4qpjq9u/lab01-test.py", line 57, in lenLargerTwo
    assert t < 3.0, "method should run in less then 3 seconds"
AssertionError: method should run in less then 3 seconds
</pre></li>
      </ul>
      </li>
      <li><b>Check outputs of gen_pattern</b>
      <ul>
      <li>Grade Percentage: 30</li>
      <li>Your solution succeeded taking 0.413 sec</Li>
      </ul>
      </li>
    </ul>
  </body>
</html>
